{"C:\\Users\\m.kikuzawa\\Documents\\git\\vanilla-module-loader\\src\\Config.js": {"path":"C:\\Users\\m.kikuzawa\\Documents\\git\\vanilla-module-loader\\src\\Config.js","statementMap":{"0":{"start":{"line":6,"column":26},"end":{"line":6,"column":45}},"1":{"start":{"line":10,"column":21},"end":{"line":10,"column":25}},"2":{"start":{"line":17,"column":20},"end":{"line":17,"column":37}},"3":{"start":{"line":22,"column":16},"end":{"line":22,"column":28}},"4":{"start":{"line":27,"column":14},"end":{"line":27,"column":16}}},"fnMap":{},"branchMap":{},"s":{"0":2,"1":2,"2":60,"3":60,"4":60},"f":{},"b":{},"inputSourceMap":null,"_coverageSchema":"1a1c01bbd47fc00a2c39e90264f33305004495a9","hash":"f39d0866ec1d72d0793fd5e37ba1681e89e47bdf"}
,"C:\\Users\\m.kikuzawa\\Documents\\git\\vanilla-module-loader\\src\\Loader.js": {"path":"C:\\Users\\m.kikuzawa\\Documents\\git\\vanilla-module-loader\\src\\Loader.js","statementMap":{"0":{"start":{"line":39,"column":4},"end":{"line":39,"column":32}},"1":{"start":{"line":40,"column":4},"end":{"line":40,"column":37}},"2":{"start":{"line":41,"column":4},"end":{"line":41,"column":31}},"3":{"start":{"line":49,"column":4},"end":{"line":49,"column":53}},"4":{"start":{"line":50,"column":4},"end":{"line":52,"column":5}},"5":{"start":{"line":51,"column":6},"end":{"line":51,"column":42}},"6":{"start":{"line":60,"column":4},"end":{"line":60,"column":24}},"7":{"start":{"line":69,"column":4},"end":{"line":74,"column":7}},"8":{"start":{"line":71,"column":8},"end":{"line":71,"column":42}},"9":{"start":{"line":72,"column":8},"end":{"line":72,"column":67}},"10":{"start":{"line":82,"column":4},"end":{"line":82,"column":27}},"11":{"start":{"line":92,"column":4},"end":{"line":92,"column":34}},"12":{"start":{"line":93,"column":4},"end":{"line":93,"column":16}},"13":{"start":{"line":103,"column":4},"end":{"line":103,"column":27}},"14":{"start":{"line":104,"column":4},"end":{"line":104,"column":16}},"15":{"start":{"line":114,"column":4},"end":{"line":114,"column":33}},"16":{"start":{"line":115,"column":4},"end":{"line":115,"column":16}},"17":{"start":{"line":122,"column":4},"end":{"line":122,"column":27}},"18":{"start":{"line":132,"column":18},"end":{"line":132,"column":52}},"19":{"start":{"line":133,"column":4},"end":{"line":133,"column":41}},"20":{"start":{"line":134,"column":21},"end":{"line":134,"column":60}},"21":{"start":{"line":136,"column":4},"end":{"line":142,"column":5}},"22":{"start":{"line":137,"column":23},"end":{"line":137,"column":44}},"23":{"start":{"line":138,"column":21},"end":{"line":138,"column":42}},"24":{"start":{"line":139,"column":6},"end":{"line":139,"column":47}},"25":{"start":{"line":141,"column":6},"end":{"line":141,"column":25}},"26":{"start":{"line":149,"column":4},"end":{"line":152,"column":5}},"27":{"start":{"line":150,"column":21},"end":{"line":150,"column":60}},"28":{"start":{"line":151,"column":6},"end":{"line":151,"column":29}},"29":{"start":{"line":153,"column":4},"end":{"line":155,"column":5}},"30":{"start":{"line":154,"column":6},"end":{"line":154,"column":50}},"31":{"start":{"line":156,"column":4},"end":{"line":158,"column":5}},"32":{"start":{"line":157,"column":6},"end":{"line":157,"column":50}},"33":{"start":{"line":159,"column":21},"end":{"line":159,"column":57}},"34":{"start":{"line":160,"column":45},"end":{"line":160,"column":57}},"35":{"start":{"line":161,"column":4},"end":{"line":161,"column":76}},"36":{"start":{"line":162,"column":20},"end":{"line":162,"column":22}},"37":{"start":{"line":163,"column":4},"end":{"line":198,"column":5}},"38":{"start":{"line":164,"column":6},"end":{"line":164,"column":44}},"39":{"start":{"line":166,"column":21},"end":{"line":166,"column":70}},"40":{"start":{"line":166,"column":45},"end":{"line":166,"column":69}},"41":{"start":{"line":167,"column":6},"end":{"line":170,"column":7}},"42":{"start":{"line":168,"column":22},"end":{"line":168,"column":47}},"43":{"start":{"line":169,"column":8},"end":{"line":169,"column":99}},"44":{"start":{"line":171,"column":6},"end":{"line":173,"column":7}},"45":{"start":{"line":172,"column":8},"end":{"line":172,"column":81}},"46":{"start":{"line":174,"column":6},"end":{"line":176,"column":7}},"47":{"start":{"line":175,"column":8},"end":{"line":175,"column":84}},"48":{"start":{"line":178,"column":20},"end":{"line":178,"column":54}},"49":{"start":{"line":179,"column":6},"end":{"line":179,"column":51}},"50":{"start":{"line":180,"column":25},"end":{"line":180,"column":64}},"51":{"start":{"line":183,"column":6},"end":{"line":187,"column":7}},"52":{"start":{"line":184,"column":8},"end":{"line":184,"column":42}},"53":{"start":{"line":186,"column":8},"end":{"line":186,"column":27}},"54":{"start":{"line":189,"column":6},"end":{"line":196,"column":7}},"55":{"start":{"line":190,"column":8},"end":{"line":192,"column":9}},"56":{"start":{"line":191,"column":10},"end":{"line":191,"column":133}},"57":{"start":{"line":193,"column":8},"end":{"line":193,"column":50}},"58":{"start":{"line":195,"column":8},"end":{"line":195,"column":36}},"59":{"start":{"line":197,"column":6},"end":{"line":197,"column":51}},"60":{"start":{"line":199,"column":4},"end":{"line":199,"column":16}},"61":{"start":{"line":208,"column":4},"end":{"line":208,"column":33}}},"fnMap":{"0":{"name":"(anonymous_0)","decl":{"start":{"line":38,"column":2},"end":{"line":38,"column":3}},"loc":{"start":{"line":38,"column":25},"end":{"line":42,"column":3}},"line":38},"1":{"name":"(anonymous_1)","decl":{"start":{"line":48,"column":2},"end":{"line":48,"column":3}},"loc":{"start":{"line":48,"column":20},"end":{"line":53,"column":3}},"line":48},"2":{"name":"(anonymous_2)","decl":{"start":{"line":59,"column":2},"end":{"line":59,"column":3}},"loc":{"start":{"line":59,"column":14},"end":{"line":61,"column":3}},"line":59},"3":{"name":"(anonymous_3)","decl":{"start":{"line":68,"column":2},"end":{"line":68,"column":3}},"loc":{"start":{"line":68,"column":26},"end":{"line":75,"column":3}},"line":68},"4":{"name":"(anonymous_4)","decl":{"start":{"line":70,"column":6},"end":{"line":70,"column":7}},"loc":{"start":{"line":70,"column":26},"end":{"line":73,"column":7}},"line":70},"5":{"name":"(anonymous_5)","decl":{"start":{"line":81,"column":2},"end":{"line":81,"column":3}},"loc":{"start":{"line":81,"column":17},"end":{"line":83,"column":3}},"line":81},"6":{"name":"(anonymous_6)","decl":{"start":{"line":91,"column":2},"end":{"line":91,"column":3}},"loc":{"start":{"line":91,"column":25},"end":{"line":94,"column":3}},"line":91},"7":{"name":"(anonymous_7)","decl":{"start":{"line":102,"column":2},"end":{"line":102,"column":3}},"loc":{"start":{"line":102,"column":17},"end":{"line":105,"column":3}},"line":102},"8":{"name":"(anonymous_8)","decl":{"start":{"line":113,"column":2},"end":{"line":113,"column":3}},"loc":{"start":{"line":113,"column":23},"end":{"line":116,"column":3}},"line":113},"9":{"name":"(anonymous_9)","decl":{"start":{"line":121,"column":2},"end":{"line":121,"column":3}},"loc":{"start":{"line":121,"column":18},"end":{"line":123,"column":3}},"line":121},"10":{"name":"(anonymous_10)","decl":{"start":{"line":130,"column":2},"end":{"line":130,"column":3}},"loc":{"start":{"line":130,"column":31},"end":{"line":143,"column":3}},"line":130},"11":{"name":"(anonymous_11)","decl":{"start":{"line":148,"column":2},"end":{"line":148,"column":3}},"loc":{"start":{"line":148,"column":27},"end":{"line":200,"column":3}},"line":148},"12":{"name":"(anonymous_12)","decl":{"start":{"line":166,"column":35},"end":{"line":166,"column":36}},"loc":{"start":{"line":166,"column":45},"end":{"line":166,"column":69}},"line":166},"13":{"name":"(anonymous_13)","decl":{"start":{"line":207,"column":2},"end":{"line":207,"column":3}},"loc":{"start":{"line":207,"column":27},"end":{"line":209,"column":3}},"line":207}},"branchMap":{"0":{"loc":{"start":{"line":50,"column":4},"end":{"line":52,"column":5}},"type":"if","locations":[{"start":{"line":50,"column":4},"end":{"line":52,"column":5}},{"start":{},"end":{}}],"line":50},"1":{"loc":{"start":{"line":50,"column":8},"end":{"line":50,"column":72}},"type":"binary-expr","locations":[{"start":{"line":50,"column":8},"end":{"line":50,"column":29}},{"start":{"line":50,"column":33},"end":{"line":50,"column":72}}],"line":50},"2":{"loc":{"start":{"line":149,"column":4},"end":{"line":152,"column":5}},"type":"if","locations":[{"start":{"line":149,"column":4},"end":{"line":152,"column":5}},{"start":{},"end":{}}],"line":149},"3":{"loc":{"start":{"line":153,"column":4},"end":{"line":155,"column":5}},"type":"if","locations":[{"start":{"line":153,"column":4},"end":{"line":155,"column":5}},{"start":{},"end":{}}],"line":153},"4":{"loc":{"start":{"line":156,"column":4},"end":{"line":158,"column":5}},"type":"if","locations":[{"start":{"line":156,"column":4},"end":{"line":158,"column":5}},{"start":{},"end":{}}],"line":156},"5":{"loc":{"start":{"line":161,"column":16},"end":{"line":161,"column":75}},"type":"cond-expr","locations":[{"start":{"line":161,"column":41},"end":{"line":161,"column":50}},{"start":{"line":161,"column":53},"end":{"line":161,"column":75}}],"line":161},"6":{"loc":{"start":{"line":167,"column":6},"end":{"line":170,"column":7}},"type":"if","locations":[{"start":{"line":167,"column":6},"end":{"line":170,"column":7}},{"start":{},"end":{}}],"line":167},"7":{"loc":{"start":{"line":171,"column":6},"end":{"line":173,"column":7}},"type":"if","locations":[{"start":{"line":171,"column":6},"end":{"line":173,"column":7}},{"start":{},"end":{}}],"line":171},"8":{"loc":{"start":{"line":171,"column":10},"end":{"line":171,"column":80}},"type":"binary-expr","locations":[{"start":{"line":171,"column":10},"end":{"line":171,"column":42}},{"start":{"line":171,"column":46},"end":{"line":171,"column":80}}],"line":171},"9":{"loc":{"start":{"line":174,"column":6},"end":{"line":176,"column":7}},"type":"if","locations":[{"start":{"line":174,"column":6},"end":{"line":176,"column":7}},{"start":{},"end":{}}],"line":174},"10":{"loc":{"start":{"line":189,"column":6},"end":{"line":196,"column":7}},"type":"if","locations":[{"start":{"line":189,"column":6},"end":{"line":196,"column":7}},{"start":{"line":194,"column":13},"end":{"line":196,"column":7}}],"line":189},"11":{"loc":{"start":{"line":190,"column":8},"end":{"line":192,"column":9}},"type":"if","locations":[{"start":{"line":190,"column":8},"end":{"line":192,"column":9}},{"start":{},"end":{}}],"line":190}},"s":{"0":21,"1":21,"2":21,"3":36,"4":36,"5":13,"6":5,"7":18,"8":28,"9":28,"10":6,"11":3,"12":3,"13":13,"14":13,"15":5,"16":5,"17":1,"18":3,"19":3,"20":3,"21":3,"22":3,"23":3,"24":2,"25":1,"26":13,"27":3,"28":2,"29":12,"30":1,"31":11,"32":1,"33":10,"34":10,"35":10,"36":10,"37":10,"38":13,"39":13,"40":6,"41":13,"42":6,"43":6,"44":13,"45":6,"46":13,"47":1,"48":12,"49":12,"50":12,"51":12,"52":12,"53":1,"54":11,"55":5,"56":1,"57":4,"58":6,"59":10,"60":7,"61":1},"f":{"0":21,"1":36,"2":5,"3":18,"4":28,"5":6,"6":3,"7":13,"8":5,"9":1,"10":3,"11":13,"12":6,"13":1},"b":{"0":[13,23],"1":[36,34],"2":[3,10],"3":[1,11],"4":[1,10],"5":[1,9],"6":[6,7],"7":[6,7],"8":[13,7],"9":[1,12],"10":[5,6],"11":[1,4]},"inputSourceMap":null,"_coverageSchema":"1a1c01bbd47fc00a2c39e90264f33305004495a9","hash":"f69f2b3caff7e43563e65ba0aae6086786fcfe58"}
,"C:\\Users\\m.kikuzawa\\Documents\\git\\vanilla-module-loader\\src\\NameType.js": {"path":"C:\\Users\\m.kikuzawa\\Documents\\git\\vanilla-module-loader\\src\\NameType.js","statementMap":{"0":{"start":{"line":6,"column":24},"end":{"line":12,"column":1}},"1":{"start":{"line":17,"column":30},"end":{"line":23,"column":1}},"2":{"start":{"line":38,"column":22},"end":{"line":38,"column":44}},"3":{"start":{"line":39,"column":22},"end":{"line":39,"column":52}},"4":{"start":{"line":40,"column":23},"end":{"line":40,"column":53}},"5":{"start":{"line":41,"column":27},"end":{"line":46,"column":15}},"6":{"start":{"line":42,"column":6},"end":{"line":44,"column":7}},"7":{"start":{"line":43,"column":8},"end":{"line":43,"column":53}},"8":{"start":{"line":45,"column":6},"end":{"line":45,"column":18}},"9":{"start":{"line":47,"column":27},"end":{"line":47,"column":131}},"10":{"start":{"line":48,"column":4},"end":{"line":54,"column":5}}},"fnMap":{"0":{"name":"(anonymous_0)","decl":{"start":{"line":37,"column":2},"end":{"line":37,"column":3}},"loc":{"start":{"line":37,"column":24},"end":{"line":55,"column":3}},"line":37},"1":{"name":"(anonymous_1)","decl":{"start":{"line":41,"column":52},"end":{"line":41,"column":53}},"loc":{"start":{"line":41,"column":69},"end":{"line":46,"column":5}},"line":41}},"branchMap":{"0":{"loc":{"start":{"line":42,"column":6},"end":{"line":44,"column":7}},"type":"if","locations":[{"start":{"line":42,"column":6},"end":{"line":44,"column":7}},{"start":{},"end":{}}],"line":42},"1":{"loc":{"start":{"line":47,"column":27},"end":{"line":47,"column":131}},"type":"cond-expr","locations":[{"start":{"line":47,"column":57},"end":{"line":47,"column":114}},{"start":{"line":47,"column":117},"end":{"line":47,"column":131}}],"line":47}},"s":{"0":5,"1":5,"2":154,"3":154,"4":154,"5":154,"6":275,"7":259,"8":275,"9":154,"10":154},"f":{"0":154,"1":275},"b":{"0":[259,16],"1":[143,11]},"inputSourceMap":null,"_coverageSchema":"1a1c01bbd47fc00a2c39e90264f33305004495a9","hash":"ddbcacf207c7810de443beb5e8aa650ae1d01afa"}
,"C:\\Users\\m.kikuzawa\\Documents\\git\\vanilla-module-loader\\src\\Path.js": {"path":"C:\\Users\\m.kikuzawa\\Documents\\git\\vanilla-module-loader\\src\\Path.js","statementMap":{"0":{"start":{"line":3,"column":23},"end":{"line":3,"column":36}},"1":{"start":{"line":4,"column":20},"end":{"line":4,"column":30}},"2":{"start":{"line":6,"column":27},"end":{"line":6,"column":61}},"3":{"start":{"line":7,"column":24},"end":{"line":7,"column":55}},"4":{"start":{"line":22,"column":37},"end":{"line":22,"column":52}},"5":{"start":{"line":23,"column":26},"end":{"line":23,"column":34}},"6":{"start":{"line":24,"column":28},"end":{"line":24,"column":38}},"7":{"start":{"line":25,"column":24},"end":{"line":25,"column":54}},"8":{"start":{"line":26,"column":21},"end":{"line":26,"column":48}},"9":{"start":{"line":28,"column":4},"end":{"line":28,"column":121}},"10":{"start":{"line":29,"column":4},"end":{"line":29,"column":121}},"11":{"start":{"line":30,"column":4},"end":{"line":30,"column":131}},"12":{"start":{"line":31,"column":4},"end":{"line":31,"column":131}},"13":{"start":{"line":32,"column":4},"end":{"line":32,"column":123}},"14":{"start":{"line":34,"column":4},"end":{"line":34,"column":115}},"15":{"start":{"line":35,"column":4},"end":{"line":35,"column":115}},"16":{"start":{"line":36,"column":4},"end":{"line":36,"column":125}},"17":{"start":{"line":37,"column":4},"end":{"line":37,"column":125}},"18":{"start":{"line":38,"column":4},"end":{"line":38,"column":117}},"19":{"start":{"line":40,"column":4},"end":{"line":43,"column":5}},"20":{"start":{"line":42,"column":6},"end":{"line":42,"column":114}},"21":{"start":{"line":45,"column":4},"end":{"line":51,"column":5}},"22":{"start":{"line":46,"column":6},"end":{"line":46,"column":121}},"23":{"start":{"line":47,"column":6},"end":{"line":47,"column":121}},"24":{"start":{"line":48,"column":6},"end":{"line":48,"column":131}},"25":{"start":{"line":49,"column":6},"end":{"line":49,"column":131}},"26":{"start":{"line":50,"column":6},"end":{"line":50,"column":123}},"27":{"start":{"line":52,"column":4},"end":{"line":55,"column":6}}},"fnMap":{"0":{"name":"(anonymous_0)","decl":{"start":{"line":21,"column":2},"end":{"line":21,"column":3}},"loc":{"start":{"line":21,"column":65},"end":{"line":57,"column":3}},"line":21}},"branchMap":{"0":{"loc":{"start":{"line":40,"column":4},"end":{"line":43,"column":5}},"type":"if","locations":[{"start":{"line":40,"column":4},"end":{"line":43,"column":5}},{"start":{},"end":{}}],"line":40},"1":{"loc":{"start":{"line":40,"column":8},"end":{"line":40,"column":75}},"type":"binary-expr","locations":[{"start":{"line":40,"column":8},"end":{"line":40,"column":36}},{"start":{"line":40,"column":40},"end":{"line":40,"column":75}}],"line":40},"2":{"loc":{"start":{"line":42,"column":43},"end":{"line":42,"column":76}},"type":"cond-expr","locations":[{"start":{"line":42,"column":68},"end":{"line":42,"column":71}},{"start":{"line":42,"column":74},"end":{"line":42,"column":76}}],"line":42},"3":{"loc":{"start":{"line":45,"column":4},"end":{"line":51,"column":5}},"type":"if","locations":[{"start":{"line":45,"column":4},"end":{"line":51,"column":5}},{"start":{},"end":{}}],"line":45}},"s":{"0":3,"1":3,"2":3,"3":3,"4":49,"5":49,"6":49,"7":49,"8":49,"9":49,"10":49,"11":49,"12":49,"13":49,"14":49,"15":49,"16":49,"17":49,"18":49,"19":49,"20":17,"21":49,"22":6,"23":6,"24":6,"25":6,"26":6,"27":49},"f":{"0":49},"b":{"0":[17,32],"1":[49,24],"2":[12,5],"3":[6,43]},"inputSourceMap":null,"_coverageSchema":"1a1c01bbd47fc00a2c39e90264f33305004495a9","hash":"994d87ca2692ec5dc081014cb5761cfa67d6e63b"}
,"C:\\Users\\m.kikuzawa\\Documents\\git\\vanilla-module-loader\\src\\Prefix.js": {"path":"C:\\Users\\m.kikuzawa\\Documents\\git\\vanilla-module-loader\\src\\Prefix.js","statementMap":{"0":{"start":{"line":50,"column":4},"end":{"line":50,"column":29}},"1":{"start":{"line":59,"column":4},"end":{"line":59,"column":45}},"2":{"start":{"line":72,"column":27},"end":{"line":72,"column":31}},"3":{"start":{"line":73,"column":4},"end":{"line":76,"column":5}},"4":{"start":{"line":74,"column":22},"end":{"line":74,"column":57}},"5":{"start":{"line":75,"column":6},"end":{"line":75,"column":50}},"6":{"start":{"line":77,"column":4},"end":{"line":77,"column":11}}},"fnMap":{"0":{"name":"(anonymous_0)","decl":{"start":{"line":49,"column":2},"end":{"line":49,"column":3}},"loc":{"start":{"line":49,"column":20},"end":{"line":51,"column":3}},"line":49},"1":{"name":"(anonymous_1)","decl":{"start":{"line":58,"column":2},"end":{"line":58,"column":3}},"loc":{"start":{"line":58,"column":16},"end":{"line":60,"column":3}},"line":58},"2":{"name":"(anonymous_2)","decl":{"start":{"line":71,"column":2},"end":{"line":71,"column":3}},"loc":{"start":{"line":71,"column":17},"end":{"line":78,"column":3}},"line":71}},"branchMap":{"0":{"loc":{"start":{"line":73,"column":4},"end":{"line":76,"column":5}},"type":"if","locations":[{"start":{"line":73,"column":4},"end":{"line":76,"column":5}},{"start":{},"end":{}}],"line":73}},"s":{"0":54,"1":21,"2":14,"3":14,"4":11,"5":11,"6":3},"f":{"0":54,"1":21,"2":14},"b":{"0":[11,3]},"inputSourceMap":null,"_coverageSchema":"1a1c01bbd47fc00a2c39e90264f33305004495a9","hash":"a1345950b248747596bff267cbc22295a29abf55"}
,"C:\\Users\\m.kikuzawa\\Documents\\git\\vanilla-module-loader\\src\\Registrar.js": {"path":"C:\\Users\\m.kikuzawa\\Documents\\git\\vanilla-module-loader\\src\\Registrar.js","statementMap":{},"fnMap":{"0":{"name":"(anonymous_0)","decl":{"start":{"line":8,"column":2},"end":{"line":8,"column":3}},"loc":{"start":{"line":8,"column":30},"end":{"line":10,"column":3}},"line":8}},"branchMap":{},"s":{},"f":{"0":0},"b":{},"inputSourceMap":null,"_coverageSchema":"1a1c01bbd47fc00a2c39e90264f33305004495a9","hash":"5810604656667a25028db8eceea3ac6067f499fa"}
,"C:\\Users\\m.kikuzawa\\Documents\\git\\vanilla-module-loader\\src\\Util.js": {"path":"C:\\Users\\m.kikuzawa\\Documents\\git\\vanilla-module-loader\\src\\Util.js","statementMap":{"0":{"start":{"line":7,"column":23},"end":{"line":7,"column":187}},"1":{"start":{"line":7,"column":31},"end":{"line":7,"column":187}},"2":{"start":{"line":7,"column":136},"end":{"line":7,"column":179}}},"fnMap":{"0":{"name":"(anonymous_0)","decl":{"start":{"line":7,"column":23},"end":{"line":7,"column":24}},"loc":{"start":{"line":7,"column":31},"end":{"line":7,"column":187}},"line":7},"1":{"name":"(anonymous_1)","decl":{"start":{"line":7,"column":114},"end":{"line":7,"column":115}},"loc":{"start":{"line":7,"column":136},"end":{"line":7,"column":179}},"line":7}},"branchMap":{"0":{"loc":{"start":{"line":7,"column":31},"end":{"line":7,"column":187}},"type":"cond-expr","locations":[{"start":{"line":7,"column":60},"end":{"line":7,"column":180}},{"start":{"line":7,"column":183},"end":{"line":7,"column":187}}],"line":7},"1":{"loc":{"start":{"line":7,"column":137},"end":{"line":7,"column":157}},"type":"cond-expr","locations":[{"start":{"line":7,"column":149},"end":{"line":7,"column":152}},{"start":{"line":7,"column":155},"end":{"line":7,"column":157}}],"line":7}},"s":{"0":6,"1":228,"2":39},"f":{"0":228,"1":39},"b":{"0":[226,2],"1":[26,13]},"inputSourceMap":null,"_coverageSchema":"1a1c01bbd47fc00a2c39e90264f33305004495a9","hash":"fdc79ff486b3874de319dc786e0785fd4058403e"}
}
