TN:
SF:src\Config.js
FNF:0
FNH:0
DA:6,2
DA:10,2
DA:17,66
DA:22,66
DA:27,66
LF:5
LH:5
BRF:0
BRH:0
end_of_record
TN:
SF:src\Loader.js
FN:38,(anonymous_0)
FN:48,(anonymous_1)
FN:59,(anonymous_2)
FN:68,(anonymous_3)
FN:70,(anonymous_4)
FN:81,(anonymous_5)
FN:91,(anonymous_6)
FN:102,(anonymous_7)
FN:113,(anonymous_8)
FN:121,(anonymous_9)
FN:130,(anonymous_10)
FN:148,(anonymous_11)
FN:166,(anonymous_12)
FN:219,(anonymous_13)
FNF:14
FNH:14
FNDA:23,(anonymous_0)
FNDA:40,(anonymous_1)
FNDA:5,(anonymous_2)
FNDA:20,(anonymous_3)
FNDA:28,(anonymous_4)
FNDA:6,(anonymous_5)
FNDA:3,(anonymous_6)
FNDA:15,(anonymous_7)
FNDA:5,(anonymous_8)
FNDA:1,(anonymous_9)
FNDA:3,(anonymous_10)
FNDA:15,(anonymous_11)
FNDA:6,(anonymous_12)
FNDA:1,(anonymous_13)
DA:39,23
DA:40,23
DA:41,23
DA:49,40
DA:50,40
DA:51,15
DA:60,5
DA:69,20
DA:71,28
DA:72,28
DA:82,6
DA:92,3
DA:93,3
DA:103,15
DA:104,15
DA:114,5
DA:115,5
DA:122,1
DA:132,3
DA:133,3
DA:134,3
DA:136,3
DA:137,3
DA:138,3
DA:139,2
DA:141,1
DA:149,15
DA:150,3
DA:151,2
DA:153,14
DA:154,1
DA:156,13
DA:157,1
DA:159,12
DA:160,12
DA:161,12
DA:162,12
DA:163,12
DA:164,17
DA:166,17
DA:167,17
DA:168,6
DA:169,6
DA:171,17
DA:172,10
DA:174,17
DA:175,1
DA:178,16
DA:179,16
DA:180,16
DA:183,16
DA:184,16
DA:186,1
DA:189,15
DA:190,8
DA:191,3
DA:192,2
DA:195,5
DA:196,4
DA:199,8
DA:200,2
DA:203,7
DA:204,6
DA:206,1
DA:209,13
DA:211,8
DA:220,1
LF:67
LH:67
BRDA:50,0,0,15
BRDA:50,0,1,25
BRDA:50,1,0,40
BRDA:50,1,1,38
BRDA:149,2,0,3
BRDA:149,2,1,12
BRDA:153,3,0,1
BRDA:153,3,1,13
BRDA:156,4,0,1
BRDA:156,4,1,12
BRDA:161,5,0,1
BRDA:161,5,1,11
BRDA:167,6,0,6
BRDA:167,6,1,11
BRDA:171,7,0,10
BRDA:171,7,1,7
BRDA:171,8,0,17
BRDA:171,8,1,11
BRDA:174,9,0,1
BRDA:174,9,1,16
BRDA:189,10,0,8
BRDA:189,10,1,7
BRDA:190,11,0,3
BRDA:190,11,1,5
BRDA:191,12,0,2
BRDA:191,12,1,1
BRDA:195,13,0,4
BRDA:195,13,1,1
BRDA:199,14,0,2
BRDA:199,14,1,6
BRDA:203,15,0,6
BRDA:203,15,1,1
BRF:32
BRH:32
end_of_record
TN:
SF:src\NameType.js
FN:37,(anonymous_0)
FN:41,(anonymous_1)
FNF:2
FNH:2
FNDA:160,(anonymous_0)
FNDA:283,(anonymous_1)
DA:6,4
DA:17,4
DA:38,160
DA:39,160
DA:40,160
DA:41,160
DA:42,283
DA:43,263
DA:45,283
DA:47,160
DA:48,160
LF:11
LH:11
BRDA:42,0,0,263
BRDA:42,0,1,20
BRDA:47,1,0,145
BRDA:47,1,1,15
BRF:4
BRH:4
end_of_record
TN:
SF:src\Path.js
FN:21,(anonymous_0)
FNF:1
FNH:1
FNDA:53,(anonymous_0)
DA:3,2
DA:4,2
DA:6,2
DA:7,2
DA:22,53
DA:23,53
DA:24,53
DA:25,53
DA:26,53
DA:28,53
DA:29,53
DA:30,53
DA:31,53
DA:32,53
DA:34,53
DA:35,53
DA:36,53
DA:37,53
DA:38,53
DA:40,53
DA:42,18
DA:45,53
DA:46,9
DA:47,9
DA:48,9
DA:49,9
DA:50,9
DA:52,53
LF:28
LH:28
BRDA:40,0,0,18
BRDA:40,0,1,35
BRDA:40,1,0,53
BRDA:40,1,1,28
BRDA:42,2,0,13
BRDA:42,2,1,5
BRDA:45,3,0,9
BRDA:45,3,1,44
BRF:8
BRH:8
end_of_record
TN:
SF:src\Prefix.js
FN:48,(anonymous_0)
FN:57,(anonymous_1)
FN:70,(anonymous_2)
FNF:3
FNH:3
FNDA:54,(anonymous_0)
FNDA:21,(anonymous_1)
FNDA:14,(anonymous_2)
DA:49,54
DA:58,21
DA:71,14
DA:72,14
DA:73,11
DA:74,11
DA:76,3
LF:7
LH:7
BRDA:72,0,0,11
BRDA:72,0,1,3
BRF:2
BRH:2
end_of_record
TN:
SF:src\Registrar.js
FN:8,(anonymous_0)
FNF:1
FNH:0
FNDA:0,(anonymous_0)
LF:0
LH:0
BRF:0
BRH:0
end_of_record
TN:
SF:src\Util.js
FN:7,(anonymous_0)
FN:7,(anonymous_1)
FNF:2
FNH:2
FNDA:238,(anonymous_0)
FNDA:39,(anonymous_1)
DA:7,238
LF:1
LH:1
BRDA:7,0,0,236
BRDA:7,0,1,2
BRDA:7,1,0,26
BRDA:7,1,1,13
BRF:4
BRH:4
end_of_record
