TN:
SF:src\Config.js
FNF:0
FNH:0
DA:6,2
DA:10,2
DA:17,60
DA:22,60
DA:27,60
LF:5
LH:5
BRF:0
BRH:0
end_of_record
TN:
SF:src\Loader.js
FN:38,(anonymous_0)
FN:48,(anonymous_1)
FN:59,(anonymous_2)
FN:68,(anonymous_3)
FN:70,(anonymous_4)
FN:81,(anonymous_5)
FN:91,(anonymous_6)
FN:102,(anonymous_7)
FN:113,(anonymous_8)
FN:121,(anonymous_9)
FN:130,(anonymous_10)
FN:148,(anonymous_11)
FN:166,(anonymous_12)
FN:211,(anonymous_13)
FNF:14
FNH:14
FNDA:21,(anonymous_0)
FNDA:36,(anonymous_1)
FNDA:5,(anonymous_2)
FNDA:18,(anonymous_3)
FNDA:28,(anonymous_4)
FNDA:6,(anonymous_5)
FNDA:3,(anonymous_6)
FNDA:13,(anonymous_7)
FNDA:5,(anonymous_8)
FNDA:1,(anonymous_9)
FNDA:3,(anonymous_10)
FNDA:13,(anonymous_11)
FNDA:6,(anonymous_12)
FNDA:1,(anonymous_13)
DA:39,21
DA:40,21
DA:41,21
DA:49,36
DA:50,36
DA:51,13
DA:60,5
DA:69,18
DA:71,28
DA:72,28
DA:82,6
DA:92,3
DA:93,3
DA:103,13
DA:104,13
DA:114,5
DA:115,5
DA:122,1
DA:132,3
DA:133,3
DA:134,3
DA:136,3
DA:137,3
DA:138,3
DA:139,2
DA:141,1
DA:149,13
DA:150,3
DA:151,2
DA:153,12
DA:154,1
DA:156,11
DA:157,1
DA:159,10
DA:160,10
DA:161,10
DA:162,10
DA:163,10
DA:164,14
DA:166,14
DA:167,14
DA:168,6
DA:169,6
DA:171,14
DA:172,7
DA:174,14
DA:175,1
DA:178,13
DA:179,13
DA:180,13
DA:183,13
DA:184,13
DA:186,1
DA:189,12
DA:190,5
DA:191,1
DA:193,4
DA:195,7
DA:196,1
DA:198,6
DA:201,11
DA:203,7
DA:212,1
LF:63
LH:63
BRDA:50,0,0,13
BRDA:50,0,1,23
BRDA:50,1,0,36
BRDA:50,1,1,34
BRDA:149,2,0,3
BRDA:149,2,1,10
BRDA:153,3,0,1
BRDA:153,3,1,11
BRDA:156,4,0,1
BRDA:156,4,1,10
BRDA:161,5,0,1
BRDA:161,5,1,9
BRDA:167,6,0,6
BRDA:167,6,1,8
BRDA:171,7,0,7
BRDA:171,7,1,7
BRDA:171,8,0,14
BRDA:171,8,1,8
BRDA:174,9,0,1
BRDA:174,9,1,13
BRDA:189,10,0,5
BRDA:189,10,1,7
BRDA:190,11,0,1
BRDA:190,11,1,4
BRDA:195,12,0,1
BRDA:195,12,1,6
BRF:26
BRH:26
end_of_record
TN:
SF:src\NameType.js
FN:37,(anonymous_0)
FN:41,(anonymous_1)
FNF:2
FNH:2
FNDA:154,(anonymous_0)
FNDA:274,(anonymous_1)
DA:6,4
DA:17,4
DA:38,154
DA:39,154
DA:40,154
DA:41,154
DA:42,274
DA:43,257
DA:45,274
DA:47,154
DA:48,154
LF:11
LH:11
BRDA:42,0,0,257
BRDA:42,0,1,17
BRDA:47,1,0,142
BRDA:47,1,1,12
BRF:4
BRH:4
end_of_record
TN:
SF:src\Path.js
FN:21,(anonymous_0)
FNF:1
FNH:1
FNDA:50,(anonymous_0)
DA:3,2
DA:4,2
DA:6,2
DA:7,2
DA:22,50
DA:23,50
DA:24,50
DA:25,50
DA:26,50
DA:28,50
DA:29,50
DA:30,50
DA:31,50
DA:32,50
DA:34,50
DA:35,50
DA:36,50
DA:37,50
DA:38,50
DA:40,50
DA:42,18
DA:45,50
DA:46,6
DA:47,6
DA:48,6
DA:49,6
DA:50,6
DA:52,50
LF:28
LH:28
BRDA:40,0,0,18
BRDA:40,0,1,32
BRDA:40,1,0,50
BRDA:40,1,1,25
BRDA:42,2,0,13
BRDA:42,2,1,5
BRDA:45,3,0,6
BRDA:45,3,1,44
BRF:8
BRH:8
end_of_record
TN:
SF:src\Prefix.js
FN:48,(anonymous_0)
FN:57,(anonymous_1)
FN:70,(anonymous_2)
FNF:3
FNH:3
FNDA:54,(anonymous_0)
FNDA:21,(anonymous_1)
FNDA:14,(anonymous_2)
DA:49,54
DA:58,21
DA:71,14
DA:72,14
DA:73,11
DA:74,11
DA:76,3
LF:7
LH:7
BRDA:72,0,0,11
BRDA:72,0,1,3
BRF:2
BRH:2
end_of_record
TN:
SF:src\Registrar.js
FN:8,(anonymous_0)
FNF:1
FNH:0
FNDA:0,(anonymous_0)
LF:0
LH:0
BRF:0
BRH:0
end_of_record
TN:
SF:src\Util.js
FN:7,(anonymous_0)
FN:7,(anonymous_1)
FNF:2
FNH:2
FNDA:229,(anonymous_0)
FNDA:39,(anonymous_1)
DA:7,229
LF:1
LH:1
BRDA:7,0,0,227
BRDA:7,0,1,2
BRDA:7,1,0,26
BRDA:7,1,1,13
BRF:4
BRH:4
end_of_record
